<?xml version="1.0" encoding="UTF-8"?>
<!-- Generated by org.testng.reporters.JUnitXMLReporter -->
<testsuite ignored="0" hostname="DESKTOP-K4U13B2" failures="1" tests="1" name="ChromeTest" time="16.0" errors="0" timestamp="2023-08-22T14:19:40 IST">
  <testcase classname="com.healthCare.executepageclasses.FindAPatientPageTestClass" name="verifyTheRegisteredPatientIsFoundOrNotInPatientRecordTable" time="6.924">
    <failure type="java.lang.AssertionError" message="expected [true] but found [false]">
      <![CDATA[java.lang.AssertionError: expected [true] but found [false]
at com.healthCare.executepageclasses.FindAPatientPageTestClass.verifyTheRegisteredPatientIsFoundOrNotInPatientRecordTable(FindAPatientPageTestClass.java:34)
at java.base/java.util.ArrayList.forEach(ArrayList.java:1541)
... Removed 31 stack frames]]>
    </failure>
  </testcase> <!-- verifyTheRegisteredPatientIsFoundOrNotInPatientRecordTable -->
</testsuite> <!-- ChromeTest -->
